  Source.cpp
C:\Users\noahr\Documents\CS\Comp Graphics and Vis\Assignment 8\linmath.h(64,1): warning C4244: 'initializing': conversion from 'double' to 'float', possible loss of data
C:\Users\noahr\Documents\CS\Comp Graphics and Vis\Assignment 8\linmath.h(65,1): warning C4244: 'initializing': conversion from 'double' to 'float', possible loss of data
C:\Users\noahr\Documents\CS\Comp Graphics and Vis\Assignment 8\linmath.h(66,1): warning C4244: 'initializing': conversion from 'double' to 'float', possible loss of data
C:\Users\noahr\Documents\CS\Comp Graphics and Vis\Assignment 8\linmath.h(344,17): warning C4244: '=': conversion from 'double' to 'float', possible loss of data
C:\Users\noahr\Documents\CS\Comp Graphics and Vis\Assignment 8\linmath.h(597,18): warning C4244: 'argument': conversion from 'double' to 'float', possible loss of data
C:\Users\noahr\Documents\CS\Comp Graphics and Vis\Assignment 8\linmath.h(604,18): warning C4244: 'argument': conversion from 'double' to 'float', possible loss of data
C:\Program Files (x86)\Windows Kits\10\Include\10.0.19041.0\shared\minwindef.h(130,1): warning C4005: 'APIENTRY': macro redefinition
C:\Users\noahr\Downloads\OpenGL\OpenGL\GLFW\include\GLFW\glfw3.h(123): message : see previous definition of 'APIENTRY'
C:\Users\noahr\Documents\CS\Comp Graphics and Vis\Assignment 8\Source.cpp(13,36): warning C4305: 'initializing': truncation from 'double' to 'float'
C:\Users\noahr\Documents\CS\Comp Graphics and Vis\Assignment 8\Source.cpp(37,17): warning C4244: '=': conversion from 'int' to 'float', possible loss of data
C:\Users\noahr\Documents\CS\Comp Graphics and Vis\Assignment 8\Source.cpp(38,19): warning C4244: '=': conversion from 'int' to 'float', possible loss of data
C:\Users\noahr\Documents\CS\Comp Graphics and Vis\Assignment 8\Source.cpp(39,18): warning C4244: '=': conversion from 'int' to 'float', possible loss of data
C:\Users\noahr\Documents\CS\Comp Graphics and Vis\Assignment 8\Source.cpp(70,14): warning C4305: 'initializing': truncation from 'double' to 'float'
C:\Users\noahr\Documents\CS\Comp Graphics and Vis\Assignment 8\Source.cpp(75,7): warning C4244: '=': conversion from 'double' to 'float', possible loss of data
C:\Users\noahr\Documents\CS\Comp Graphics and Vis\Assignment 8\Source.cpp(76,7): warning C4244: '=': conversion from 'double' to 'float', possible loss of data
C:\Users\noahr\Documents\CS\Comp Graphics and Vis\Assignment 8\Source.cpp(77,12): warning C4244: '=': conversion from 'double' to 'float', possible loss of data
C:\Users\noahr\Documents\CS\Comp Graphics and Vis\Assignment 8\Source.cpp(92,11): warning C4244: '=': conversion from 'double' to 'float', possible loss of data
C:\Users\noahr\Documents\CS\Comp Graphics and Vis\Assignment 8\Source.cpp(93,11): warning C4244: '=': conversion from 'double' to 'float', possible loss of data
C:\Users\noahr\Documents\CS\Comp Graphics and Vis\Assignment 8\Source.cpp(177,12): warning C4244: 'argument': conversion from 'time_t' to 'unsigned int', possible loss of data
C:\Users\noahr\Documents\CS\Comp Graphics and Vis\Assignment 8\Source.cpp(192,51): warning C4305: 'argument': truncation from 'double' to 'float'
C:\Users\noahr\Documents\CS\Comp Graphics and Vis\Assignment 8\Source.cpp(193,53): warning C4305: 'argument': truncation from 'double' to 'float'
C:\Users\noahr\Documents\CS\Comp Graphics and Vis\Assignment 8\Source.cpp(194,54): warning C4305: 'argument': truncation from 'double' to 'float'
C:\Users\noahr\Documents\CS\Comp Graphics and Vis\Assignment 8\Source.cpp(195,53): warning C4305: 'argument': truncation from 'double' to 'float'
C:\Users\noahr\Documents\CS\Comp Graphics and Vis\Assignment 8\Source.cpp(210,21): warning C4018: '<': signed/unsigned mismatch
C:\Users\noahr\Documents\CS\Comp Graphics and Vis\Assignment 8\Source.cpp(231,2): warning C4551: function call missing argument list
C:\Users\noahr\Documents\CS\Comp Graphics and Vis\Assignment 8\Source.cpp(247,38): warning C4244: 'argument': conversion from 'double' to 'float', possible loss of data
C:\Users\noahr\Documents\CS\Comp Graphics and Vis\Assignment 8\Source.cpp(247,35): warning C4244: 'argument': conversion from 'double' to 'float', possible loss of data
C:\Users\noahr\Documents\CS\Comp Graphics and Vis\Assignment 8\Source.cpp(247,32): warning C4244: 'argument': conversion from 'double' to 'float', possible loss of data
C:\Users\noahr\Documents\CS\Comp Graphics and Vis\Assignment 8\Source.cpp(247,39): warning C4305: 'argument': truncation from 'double' to 'float'
  Assignment 8.vcxproj -> C:\Users\noahr\Documents\CS\Comp Graphics and Vis\Assignment 8\Debug\Assignment 8.exe
