d:\temp\snhu2\openglsample\openglsample\debug\vc141.pdb
d:\temp\snhu2\openglsample\openglsample\debug\vc141.idb
d:\temp\snhu2\openglsample\openglsample\debug\glad.obj
d:\temp\snhu2\openglsample\openglsample\debug\source.obj
d:\temp\snhu2\openglsample\openglsample\debug\shader.obj
d:\temp\snhu2\openglsample\debug\openglsample.exe
d:\temp\snhu2\openglsample\debug\openglsample.ilk
d:\temp\snhu2\openglsample\debug\openglsample.pdb
c:\users\noahr\downloads\openglsample\openglsample\openglsample\debug\shader.obj
c:\users\noahr\downloads\openglsample\openglsample\openglsample\debug\source.obj
c:\users\noahr\downloads\openglsample\openglsample\openglsample\debug\vc141.idb
c:\users\noahr\downloads\openglsample\openglsample\openglsample\debug\vc142.idb
c:\users\noahr\downloads\openglsample\openglsample\openglsample\debug\vc141.pdb
c:\users\noahr\downloads\openglsample\openglsample\openglsample\debug\vc142.pdb
c:\users\noahr\downloads\openglsample\openglsample\debug\openglsample.pdb
c:\users\noahr\downloads\openglsample\openglsample\debug\openglsample.exe
c:\users\noahr\downloads\openglsample\openglsample\debug\openglsample.ilk
c:\users\noahr\downloads\openglsample\openglsample\openglsample\debug\openglsample.tlog\cl.command.1.tlog
c:\users\noahr\downloads\openglsample\openglsample\openglsample\debug\openglsample.tlog\cl.read.1.tlog
c:\users\noahr\downloads\openglsample\openglsample\openglsample\debug\openglsample.tlog\cl.write.1.tlog
c:\users\noahr\downloads\openglsample\openglsample\openglsample\debug\openglsample.tlog\link.command.1.tlog
c:\users\noahr\downloads\openglsample\openglsample\openglsample\debug\openglsample.tlog\link.read.1.tlog
c:\users\noahr\downloads\openglsample\openglsample\openglsample\debug\openglsample.tlog\link.write.1.tlog
